Build started 1/19/2016 12:23:52 PM.
     1>Project "C:\Users\ergawy\Documents\thesis\code\thesis_side\conv\conv_vs_proj\conv\conv.vcxproj" on node 3 (Build target(s)).
     1>ClCompile:
         C:\Program Files (x86)\Microsoft Visual Studio 14.0\VC\bin\x86_amd64\CL.exe /c /ZI /nologo /W3 /WX- /sdl /Od /D _DEBUG /D _CONSOLE /D _UNICODE /D UNICODE /Gm /EHsc /RTC1 /MDd /GS /fp:precise /Zc:wchar_t /Zc:forScope /Zc:inline /Fo"x64\Debug\\" /Fd"x64\Debug\vc140.pdb" /Gd /TP /errorReport:prompt ..\..\src\main.cpp
         main.cpp
     1>c:\users\ergawy\documents\thesis\code\thesis_side\conv\src\main.cpp(1): fatal error C1083: Cannot open include file: 'utils.cpp': No such file or directory
     1>Done Building Project "C:\Users\ergawy\Documents\thesis\code\thesis_side\conv\conv_vs_proj\conv\conv.vcxproj" (Build target(s)) -- FAILED.

Build FAILED.

Time Elapsed 00:00:00.39
